<?xml version="1.0" encoding="UTF-8"?>
<testsuite name="PageObecjtProject" tests="1" skipped="0" failures="0" errors="0" timestamp="2021-05-27T15:07:12" hostname="DESKTOP-5L7N2A8" time="3.28">
  <properties/>
  <testcase name="Etape1" classname="PageObecjtProject" time="3.28"/>
  <system-out><![CDATA[]]></system-out>
  <system-err><![CDATA[]]></system-err>
</testsuite>
